[0.155s] DEBUG:colcon:Command line arguments: ['/usr/bin/colcon', 'build']
[0.155s] DEBUG:colcon:Parsed command line arguments: Namespace(allow_overriding=[], ament_cmake_args=None, base_paths=['.'], build_base='build', catkin_cmake_args=None, catkin_skip_building_tests=False, cmake_args=None, cmake_clean_cache=False, cmake_clean_first=False, cmake_force_configure=False, cmake_target=None, cmake_target_skip_unavailable=False, continue_on_error=False, event_handlers=None, executor='parallel', ignore_user_meta=False, install_base='install', log_base=None, log_level=None, main=<bound method BuildVerb.main of <colcon_core.verb.build.BuildVerb object at 0x7f36abc12190>>, merge_install=False, metas=['./colcon.meta'], mixin=None, mixin_files=None, mixin_verb=('build',), packages_above=None, packages_above_and_dependencies=None, packages_above_depth=None, packages_end=None, packages_ignore=None, packages_ignore_regex=None, packages_select=None, packages_select_build_failed=False, packages_select_by_dep=None, packages_select_regex=None, packages_select_test_failures=False, packages_skip=None, packages_skip_build_finished=False, packages_skip_by_dep=None, packages_skip_regex=None, packages_skip_test_passed=False, packages_skip_up_to=None, packages_start=None, packages_up_to=None, packages_up_to_regex=None, parallel_workers=32, paths=None, symlink_install=False, test_result_base=None, verb_extension=<colcon_core.verb.build.BuildVerb object at 0x7f36abc12190>, verb_name='build', verb_parser=<colcon_mixin.mixin.mixin_argument.MixinArgumentDecorator object at 0x7f36abc127f0>)
[0.305s] Level 1:colcon.colcon_core.package_discovery:discover_packages(colcon_meta) check parameters
[0.305s] Level 1:colcon.colcon_core.package_discovery:discover_packages(recursive) check parameters
[0.305s] Level 1:colcon.colcon_core.package_discovery:discover_packages(ignore) check parameters
[0.305s] Level 1:colcon.colcon_core.package_discovery:discover_packages(path) check parameters
[0.305s] Level 1:colcon.colcon_core.package_discovery:discover_packages(colcon_meta) discover
[0.305s] Level 1:colcon.colcon_core.package_discovery:discover_packages(recursive) discover
[0.305s] INFO:colcon.colcon_core.package_discovery:Crawling recursively for packages in '/home/jiachenli/SaTaMoma-Exp/tiago_client/tiago_client/urdf/pmb2_description'
[0.305s] Level 1:colcon.colcon_core.package_identification:_identify(.) by extensions ['ignore', 'ignore_ament_install']
[0.305s] Level 1:colcon.colcon_core.package_identification:_identify(.) by extension 'ignore'
[0.305s] Level 1:colcon.colcon_core.package_identification:_identify(.) by extension 'ignore_ament_install'
[0.305s] Level 1:colcon.colcon_core.package_identification:_identify(.) by extensions ['colcon_pkg']
[0.305s] Level 1:colcon.colcon_core.package_identification:_identify(.) by extension 'colcon_pkg'
[0.305s] Level 1:colcon.colcon_core.package_identification:_identify(.) by extensions ['colcon_meta']
[0.305s] Level 1:colcon.colcon_core.package_identification:_identify(.) by extension 'colcon_meta'
[0.305s] Level 1:colcon.colcon_core.package_identification:_identify(.) by extensions ['ros']
[0.305s] Level 1:colcon.colcon_core.package_identification:_identify(.) by extension 'ros'
[0.313s] DEBUG:colcon.colcon_core.package_identification:Package '.' with type 'ros.ament_cmake' and name 'pmb2_description'
[0.313s] Level 1:colcon.colcon_core.package_discovery:discover_packages(recursive) using defaults
[0.313s] Level 1:colcon.colcon_core.package_discovery:discover_packages(ignore) discover
[0.314s] Level 1:colcon.colcon_core.package_discovery:discover_packages(ignore) using defaults
[0.314s] Level 1:colcon.colcon_core.package_discovery:discover_packages(path) discover
[0.314s] Level 1:colcon.colcon_core.package_discovery:discover_packages(path) using defaults
[0.325s] Level 1:colcon.colcon_core.package_discovery:discover_packages(prefix_path) check parameters
[0.325s] Level 1:colcon.colcon_core.package_discovery:discover_packages(prefix_path) discover
[0.326s] DEBUG:colcon.colcon_installed_package_information.package_discovery:Found 294 installed packages in /opt/ros/foxy
[0.327s] Level 1:colcon.colcon_core.package_discovery:discover_packages(prefix_path) using defaults
[0.351s] Level 5:colcon.colcon_core.verb:set package 'pmb2_description' build argument 'cmake_args' from command line to 'None'
[0.351s] Level 5:colcon.colcon_core.verb:set package 'pmb2_description' build argument 'cmake_target' from command line to 'None'
[0.351s] Level 5:colcon.colcon_core.verb:set package 'pmb2_description' build argument 'cmake_target_skip_unavailable' from command line to 'False'
[0.351s] Level 5:colcon.colcon_core.verb:set package 'pmb2_description' build argument 'cmake_clean_cache' from command line to 'False'
[0.352s] Level 5:colcon.colcon_core.verb:set package 'pmb2_description' build argument 'cmake_clean_first' from command line to 'False'
[0.352s] Level 5:colcon.colcon_core.verb:set package 'pmb2_description' build argument 'cmake_force_configure' from command line to 'False'
[0.352s] Level 5:colcon.colcon_core.verb:set package 'pmb2_description' build argument 'ament_cmake_args' from command line to 'None'
[0.352s] Level 5:colcon.colcon_core.verb:set package 'pmb2_description' build argument 'catkin_cmake_args' from command line to 'None'
[0.352s] Level 5:colcon.colcon_core.verb:set package 'pmb2_description' build argument 'catkin_skip_building_tests' from command line to 'False'
[0.352s] DEBUG:colcon.colcon_core.verb:Building package 'pmb2_description' with the following arguments: {'ament_cmake_args': None, 'build_base': '/home/jiachenli/SaTaMoma-Exp/tiago_client/tiago_client/urdf/pmb2_description/build/pmb2_description', 'catkin_cmake_args': None, 'catkin_skip_building_tests': False, 'cmake_args': None, 'cmake_clean_cache': False, 'cmake_clean_first': False, 'cmake_force_configure': False, 'cmake_target': None, 'cmake_target_skip_unavailable': False, 'install_base': '/home/jiachenli/SaTaMoma-Exp/tiago_client/tiago_client/urdf/pmb2_description/install/pmb2_description', 'merge_install': False, 'path': '/home/jiachenli/SaTaMoma-Exp/tiago_client/tiago_client/urdf/pmb2_description', 'symlink_install': False, 'test_result_base': None}
[0.352s] INFO:colcon.colcon_core.executor:Executing jobs using 'parallel' executor
[0.352s] DEBUG:colcon.colcon_parallel_executor.executor.parallel:run_until_complete
[0.352s] INFO:colcon.colcon_ros.task.ament_cmake.build:Building ROS package in '/home/jiachenli/SaTaMoma-Exp/tiago_client/tiago_client/urdf/pmb2_description' with build type 'ament_cmake'
[0.352s] INFO:colcon.colcon_cmake.task.cmake.build:Building CMake package in '/home/jiachenli/SaTaMoma-Exp/tiago_client/tiago_client/urdf/pmb2_description'
[0.355s] INFO:colcon.colcon_core.plugin_system:Skipping extension 'colcon_core.shell.bat': Not used on non-Windows systems
[0.355s] INFO:colcon.colcon_core.shell:Skip shell extension 'powershell' for command environment: Not usable outside of PowerShell
[0.355s] DEBUG:colcon.colcon_core.shell:Skip shell extension 'dsv' for command environment
[0.356s] DEBUG:colcon.colcon_core.shell:Ignoring prefix path '/home/jiachenli/miniconda3/envs/ros39'
[0.362s] DEBUG:colcon.colcon_core.event_handler.log_command:Invoking command in '/home/jiachenli/SaTaMoma-Exp/tiago_client/tiago_client/urdf/pmb2_description/build/pmb2_description': CMAKE_PREFIX_PATH=/opt/ros/foxy:${CMAKE_PREFIX_PATH} CONDA_PROMPT_MODIFIER=(ros39) /home/jiachenli/miniconda3/envs/ros39/bin/cmake /home/jiachenli/SaTaMoma-Exp/tiago_client/tiago_client/urdf/pmb2_description -DCMAKE_INSTALL_PREFIX=/home/jiachenli/SaTaMoma-Exp/tiago_client/tiago_client/urdf/pmb2_description/install/pmb2_description
[0.921s] DEBUG:colcon.colcon_core.event_handler.log_command:Invoked command in '/home/jiachenli/SaTaMoma-Exp/tiago_client/tiago_client/urdf/pmb2_description/build/pmb2_description' returned '0': CMAKE_PREFIX_PATH=/opt/ros/foxy:${CMAKE_PREFIX_PATH} CONDA_PROMPT_MODIFIER=(ros39) /home/jiachenli/miniconda3/envs/ros39/bin/cmake /home/jiachenli/SaTaMoma-Exp/tiago_client/tiago_client/urdf/pmb2_description -DCMAKE_INSTALL_PREFIX=/home/jiachenli/SaTaMoma-Exp/tiago_client/tiago_client/urdf/pmb2_description/install/pmb2_description
[0.923s] DEBUG:colcon.colcon_core.event_handler.log_command:Invoking command in '/home/jiachenli/SaTaMoma-Exp/tiago_client/tiago_client/urdf/pmb2_description/build/pmb2_description': CMAKE_PREFIX_PATH=/opt/ros/foxy:${CMAKE_PREFIX_PATH} CONDA_PROMPT_MODIFIER=(ros39) /home/jiachenli/miniconda3/envs/ros39/bin/cmake --build /home/jiachenli/SaTaMoma-Exp/tiago_client/tiago_client/urdf/pmb2_description/build/pmb2_description -- -j32 -l32
[0.937s] DEBUG:colcon.colcon_core.event_handler.log_command:Invoked command in '/home/jiachenli/SaTaMoma-Exp/tiago_client/tiago_client/urdf/pmb2_description/build/pmb2_description' returned '0': CMAKE_PREFIX_PATH=/opt/ros/foxy:${CMAKE_PREFIX_PATH} CONDA_PROMPT_MODIFIER=(ros39) /home/jiachenli/miniconda3/envs/ros39/bin/cmake --build /home/jiachenli/SaTaMoma-Exp/tiago_client/tiago_client/urdf/pmb2_description/build/pmb2_description -- -j32 -l32
[0.945s] DEBUG:colcon.colcon_core.event_handler.log_command:Invoking command in '/home/jiachenli/SaTaMoma-Exp/tiago_client/tiago_client/urdf/pmb2_description/build/pmb2_description': CMAKE_PREFIX_PATH=/opt/ros/foxy:${CMAKE_PREFIX_PATH} CONDA_PROMPT_MODIFIER=(ros39) /home/jiachenli/miniconda3/envs/ros39/bin/cmake --install /home/jiachenli/SaTaMoma-Exp/tiago_client/tiago_client/urdf/pmb2_description/build/pmb2_description
[0.979s] Level 1:colcon.colcon_core.environment:create_environment_scripts_only(pmb2_description)
[0.981s] DEBUG:colcon.colcon_core.event_handler.log_command:Invoked command in '/home/jiachenli/SaTaMoma-Exp/tiago_client/tiago_client/urdf/pmb2_description/build/pmb2_description' returned '0': CMAKE_PREFIX_PATH=/opt/ros/foxy:${CMAKE_PREFIX_PATH} CONDA_PROMPT_MODIFIER=(ros39) /home/jiachenli/miniconda3/envs/ros39/bin/cmake --install /home/jiachenli/SaTaMoma-Exp/tiago_client/tiago_client/urdf/pmb2_description/build/pmb2_description
[0.983s] Level 1:colcon.colcon_core.environment:checking '/home/jiachenli/SaTaMoma-Exp/tiago_client/tiago_client/urdf/pmb2_description/install/pmb2_description' for CMake module files
[0.983s] Level 1:colcon.colcon_core.environment:checking '/home/jiachenli/SaTaMoma-Exp/tiago_client/tiago_client/urdf/pmb2_description/install/pmb2_description' for CMake config files
[0.983s] Level 1:colcon.colcon_core.shell:create_environment_hook('pmb2_description', 'cmake_prefix_path')
[0.984s] INFO:colcon.colcon_core.shell:Creating environment hook '/home/jiachenli/SaTaMoma-Exp/tiago_client/tiago_client/urdf/pmb2_description/install/pmb2_description/share/pmb2_description/hook/cmake_prefix_path.ps1'
[0.984s] INFO:colcon.colcon_core.shell:Creating environment descriptor '/home/jiachenli/SaTaMoma-Exp/tiago_client/tiago_client/urdf/pmb2_description/install/pmb2_description/share/pmb2_description/hook/cmake_prefix_path.dsv'
[0.984s] INFO:colcon.colcon_core.shell:Creating environment hook '/home/jiachenli/SaTaMoma-Exp/tiago_client/tiago_client/urdf/pmb2_description/install/pmb2_description/share/pmb2_description/hook/cmake_prefix_path.sh'
[0.985s] Level 1:colcon.colcon_core.environment:checking '/home/jiachenli/SaTaMoma-Exp/tiago_client/tiago_client/urdf/pmb2_description/install/pmb2_description/lib'
[0.985s] Level 1:colcon.colcon_core.environment:checking '/home/jiachenli/SaTaMoma-Exp/tiago_client/tiago_client/urdf/pmb2_description/install/pmb2_description/bin'
[0.985s] Level 1:colcon.colcon_core.environment:checking '/home/jiachenli/SaTaMoma-Exp/tiago_client/tiago_client/urdf/pmb2_description/install/pmb2_description/lib/pkgconfig/pmb2_description.pc'
[0.985s] Level 1:colcon.colcon_core.environment:checking '/home/jiachenli/SaTaMoma-Exp/tiago_client/tiago_client/urdf/pmb2_description/install/pmb2_description/lib/python3.8/site-packages'
[0.985s] Level 1:colcon.colcon_core.environment:checking '/home/jiachenli/SaTaMoma-Exp/tiago_client/tiago_client/urdf/pmb2_description/install/pmb2_description/bin'
[0.985s] INFO:colcon.colcon_core.shell:Creating package script '/home/jiachenli/SaTaMoma-Exp/tiago_client/tiago_client/urdf/pmb2_description/install/pmb2_description/share/pmb2_description/package.ps1'
[0.986s] INFO:colcon.colcon_core.shell:Creating package descriptor '/home/jiachenli/SaTaMoma-Exp/tiago_client/tiago_client/urdf/pmb2_description/install/pmb2_description/share/pmb2_description/package.dsv'
[0.986s] INFO:colcon.colcon_core.shell:Creating package script '/home/jiachenli/SaTaMoma-Exp/tiago_client/tiago_client/urdf/pmb2_description/install/pmb2_description/share/pmb2_description/package.sh'
[0.986s] INFO:colcon.colcon_core.shell:Creating package script '/home/jiachenli/SaTaMoma-Exp/tiago_client/tiago_client/urdf/pmb2_description/install/pmb2_description/share/pmb2_description/package.bash'
[0.987s] INFO:colcon.colcon_core.shell:Creating package script '/home/jiachenli/SaTaMoma-Exp/tiago_client/tiago_client/urdf/pmb2_description/install/pmb2_description/share/pmb2_description/package.zsh'
[0.987s] Level 1:colcon.colcon_core.environment:create_file_with_runtime_dependencies(/home/jiachenli/SaTaMoma-Exp/tiago_client/tiago_client/urdf/pmb2_description/install/pmb2_description/share/colcon-core/packages/pmb2_description)
[0.987s] Level 1:colcon.colcon_core.environment:create_environment_scripts_only(pmb2_description)
[0.987s] Level 1:colcon.colcon_core.environment:checking '/home/jiachenli/SaTaMoma-Exp/tiago_client/tiago_client/urdf/pmb2_description/install/pmb2_description' for CMake module files
[0.988s] Level 1:colcon.colcon_core.environment:checking '/home/jiachenli/SaTaMoma-Exp/tiago_client/tiago_client/urdf/pmb2_description/install/pmb2_description' for CMake config files
[0.988s] Level 1:colcon.colcon_core.shell:create_environment_hook('pmb2_description', 'cmake_prefix_path')
[0.988s] INFO:colcon.colcon_core.shell:Creating environment hook '/home/jiachenli/SaTaMoma-Exp/tiago_client/tiago_client/urdf/pmb2_description/install/pmb2_description/share/pmb2_description/hook/cmake_prefix_path.ps1'
[0.988s] INFO:colcon.colcon_core.shell:Creating environment descriptor '/home/jiachenli/SaTaMoma-Exp/tiago_client/tiago_client/urdf/pmb2_description/install/pmb2_description/share/pmb2_description/hook/cmake_prefix_path.dsv'
[0.988s] INFO:colcon.colcon_core.shell:Creating environment hook '/home/jiachenli/SaTaMoma-Exp/tiago_client/tiago_client/urdf/pmb2_description/install/pmb2_description/share/pmb2_description/hook/cmake_prefix_path.sh'
[0.989s] Level 1:colcon.colcon_core.environment:checking '/home/jiachenli/SaTaMoma-Exp/tiago_client/tiago_client/urdf/pmb2_description/install/pmb2_description/lib'
[0.989s] Level 1:colcon.colcon_core.environment:checking '/home/jiachenli/SaTaMoma-Exp/tiago_client/tiago_client/urdf/pmb2_description/install/pmb2_description/bin'
[0.989s] Level 1:colcon.colcon_core.environment:checking '/home/jiachenli/SaTaMoma-Exp/tiago_client/tiago_client/urdf/pmb2_description/install/pmb2_description/lib/pkgconfig/pmb2_description.pc'
[0.989s] Level 1:colcon.colcon_core.environment:checking '/home/jiachenli/SaTaMoma-Exp/tiago_client/tiago_client/urdf/pmb2_description/install/pmb2_description/lib/python3.8/site-packages'
[0.989s] Level 1:colcon.colcon_core.environment:checking '/home/jiachenli/SaTaMoma-Exp/tiago_client/tiago_client/urdf/pmb2_description/install/pmb2_description/bin'
[0.989s] INFO:colcon.colcon_core.shell:Creating package script '/home/jiachenli/SaTaMoma-Exp/tiago_client/tiago_client/urdf/pmb2_description/install/pmb2_description/share/pmb2_description/package.ps1'
[0.989s] INFO:colcon.colcon_core.shell:Creating package descriptor '/home/jiachenli/SaTaMoma-Exp/tiago_client/tiago_client/urdf/pmb2_description/install/pmb2_description/share/pmb2_description/package.dsv'
[0.989s] INFO:colcon.colcon_core.shell:Creating package script '/home/jiachenli/SaTaMoma-Exp/tiago_client/tiago_client/urdf/pmb2_description/install/pmb2_description/share/pmb2_description/package.sh'
[0.990s] INFO:colcon.colcon_core.shell:Creating package script '/home/jiachenli/SaTaMoma-Exp/tiago_client/tiago_client/urdf/pmb2_description/install/pmb2_description/share/pmb2_description/package.bash'
[0.990s] INFO:colcon.colcon_core.shell:Creating package script '/home/jiachenli/SaTaMoma-Exp/tiago_client/tiago_client/urdf/pmb2_description/install/pmb2_description/share/pmb2_description/package.zsh'
[0.990s] Level 1:colcon.colcon_core.environment:create_file_with_runtime_dependencies(/home/jiachenli/SaTaMoma-Exp/tiago_client/tiago_client/urdf/pmb2_description/install/pmb2_description/share/colcon-core/packages/pmb2_description)
[0.990s] DEBUG:colcon.colcon_parallel_executor.executor.parallel:closing loop
[0.990s] DEBUG:colcon.colcon_parallel_executor.executor.parallel:loop closed
[0.990s] DEBUG:colcon.colcon_parallel_executor.executor.parallel:run_until_complete finished with '0'
[0.990s] DEBUG:colcon.colcon_core.event_reactor:joining thread
[0.994s] INFO:colcon.colcon_core.plugin_system:Skipping extension 'colcon_notification.desktop_notification.terminal_notifier': Not used on non-Darwin systems
[0.994s] INFO:colcon.colcon_core.plugin_system:Skipping extension 'colcon_notification.desktop_notification.win32': Not used on non-Windows systems
[0.994s] INFO:colcon.colcon_notification.desktop_notification:Sending desktop notification using 'notify2'
[1.003s] DEBUG:colcon.colcon_core.event_reactor:joined thread
[1.003s] INFO:colcon.colcon_core.shell:Creating prefix script '/home/jiachenli/SaTaMoma-Exp/tiago_client/tiago_client/urdf/pmb2_description/install/local_setup.ps1'
[1.004s] INFO:colcon.colcon_core.shell:Creating prefix util module '/home/jiachenli/SaTaMoma-Exp/tiago_client/tiago_client/urdf/pmb2_description/install/_local_setup_util_ps1.py'
[1.005s] INFO:colcon.colcon_core.shell:Creating prefix chain script '/home/jiachenli/SaTaMoma-Exp/tiago_client/tiago_client/urdf/pmb2_description/install/setup.ps1'
[1.006s] INFO:colcon.colcon_core.shell:Creating prefix script '/home/jiachenli/SaTaMoma-Exp/tiago_client/tiago_client/urdf/pmb2_description/install/local_setup.sh'
[1.006s] INFO:colcon.colcon_core.shell:Creating prefix util module '/home/jiachenli/SaTaMoma-Exp/tiago_client/tiago_client/urdf/pmb2_description/install/_local_setup_util_sh.py'
[1.006s] INFO:colcon.colcon_core.shell:Creating prefix chain script '/home/jiachenli/SaTaMoma-Exp/tiago_client/tiago_client/urdf/pmb2_description/install/setup.sh'
[1.007s] INFO:colcon.colcon_core.shell:Creating prefix script '/home/jiachenli/SaTaMoma-Exp/tiago_client/tiago_client/urdf/pmb2_description/install/local_setup.bash'
[1.008s] INFO:colcon.colcon_core.shell:Creating prefix chain script '/home/jiachenli/SaTaMoma-Exp/tiago_client/tiago_client/urdf/pmb2_description/install/setup.bash'
[1.008s] INFO:colcon.colcon_core.shell:Creating prefix script '/home/jiachenli/SaTaMoma-Exp/tiago_client/tiago_client/urdf/pmb2_description/install/local_setup.zsh'
[1.009s] INFO:colcon.colcon_core.shell:Creating prefix chain script '/home/jiachenli/SaTaMoma-Exp/tiago_client/tiago_client/urdf/pmb2_description/install/setup.zsh'
