[0.005s] Invoking command in '/home/jiachenli/SaTaMoma-Exp/tiago_client/tiago_client/urdf/tiago_dual_description/build/tiago_dual_description': CONDA_PROMPT_MODIFIER=(ros39) /home/jiachenli/miniconda3/envs/ros39/bin/cmake /home/jiachenli/SaTaMoma-Exp/tiago_client/tiago_client/urdf/tiago_dual_description -DCMAKE_INSTALL_PREFIX=/home/jiachenli/SaTaMoma-Exp/tiago_client/tiago_client/urdf/tiago_dual_description/install/tiago_dual_description
[0.034s] -- The C compiler identification is GNU 11.2.0
[0.073s] -- The CXX compiler identification is GNU 11.2.0
[0.077s] -- Detecting C compiler ABI info
[0.109s] -- Detecting C compiler ABI info - done
[0.114s] -- Check for working C compiler: /home/jiachenli/miniconda3/envs/ros39/bin/x86_64-conda-linux-gnu-cc - skipped
[0.114s] -- Detecting C compile features
[0.114s] -- Detecting C compile features - done
[0.116s] -- Detecting CXX compiler ABI info
[0.154s] -- Detecting CXX compiler ABI info - done
[0.160s] -- Check for working CXX compiler: /home/jiachenli/miniconda3/envs/ros39/bin/x86_64-conda-linux-gnu-c++ - skipped
[0.160s] -- Detecting CXX compile features
[0.160s] -- Detecting CXX compile features - done
[0.162s] -- Found ament_cmake_auto: 0.9.12 (/opt/ros/foxy/share/ament_cmake_auto/cmake)
[0.175s] -- Found PythonInterp: /home/jiachenli/miniconda3/envs/ros39/bin/python3 (found suitable version "3.9.15", minimum required is "3") 
[0.175s] -- Using PYTHON_EXECUTABLE: /home/jiachenli/miniconda3/envs/ros39/bin/python3
[0.226s] /opt/ros/foxy/lib/python3.8/site-packages/ament_package/__init__.py:19: UserWarning: pkg_resources is deprecated as an API. See https://setuptools.pypa.io/en/latest/pkg_resources.html. The pkg_resources package is slated for removal as early as 2025-11-30. Refrain from using this package or pin to Setuptools<81.
[0.226s]   import pkg_resources
[0.337s] -- Found ament_lint_auto: 0.9.8 (/opt/ros/foxy/share/ament_lint_auto/cmake)
[0.359s] -- Found python_cmake_module: 0.8.1 (/opt/ros/foxy/share/python_cmake_module/cmake)
[0.367s] -- Found PythonInterp: /home/jiachenli/miniconda3/envs/ros39/bin/python3 (found suitable version "3.9.15", minimum required is "3.5") 
[0.369s] -- Found PythonLibs: /home/jiachenli/miniconda3/envs/ros39/lib/libpython3.9.so (found suitable version "3.9.15", minimum required is "3.5") 
[0.369s] -- Using PYTHON_EXECUTABLE: /home/jiachenli/miniconda3/envs/ros39/bin/python3
[0.369s] -- Using PYTHON_INCLUDE_DIRS: /home/jiachenli/miniconda3/envs/ros39/include/python3.9
[0.369s] -- Using PYTHON_LIBRARIES: /home/jiachenli/miniconda3/envs/ros39/lib/libpython3.9.so
[0.377s] -- Found PythonExtra: .so  
[0.393s] [33mCMake Warning at /opt/ros/foxy/share/ament_cmake_pytest/cmake/ament_add_pytest_test.cmake:77 (message):
[0.393s]   The Python module 'pytest' was not found, pytests can not be run (e.g.  on
[0.393s]   Ubuntu/Debian install the package 'python3-pytest')
[0.393s] Call Stack (most recent call first):
[0.393s]   CMakeLists.txt:24 (ament_add_pytest_test)
[0.393s] 
[0.393s] [0m
[0.464s] -- Added test 'copyright' to check source files copyright and LICENSE
[0.466s] -- Added test 'cppcheck' to perform static code analysis on C / C++ code
[0.466s] -- Configured cppcheck include dirs: 
[0.466s] -- Configured cppcheck exclude dirs and/or files: 
[0.469s] -- Added test 'cpplint' to check C / C++ code against the Google style
[0.469s] -- Configured cpplint exclude dirs and/or files: 
[0.469s] -- Added test 'flake8' to check Python code syntax and style conventions
[0.470s] -- Added test 'lint_cmake' to check CMake code style
[0.471s] -- Added test 'pep257' to check Python code against some of the style conventions in PEP 257
[0.473s] -- Added test 'uncrustify' to check C / C++ code style
[0.473s] -- Configured uncrustify additional arguments: 
[0.474s] -- Added test 'xmllint' to check XML markup files
[0.474s] -- Configuring done
[0.476s] -- Generating done
[0.477s] -- Build files have been written to: /home/jiachenli/SaTaMoma-Exp/tiago_client/tiago_client/urdf/tiago_dual_description/build/tiago_dual_description
[0.479s] Invoked command in '/home/jiachenli/SaTaMoma-Exp/tiago_client/tiago_client/urdf/tiago_dual_description/build/tiago_dual_description' returned '0': CONDA_PROMPT_MODIFIER=(ros39) /home/jiachenli/miniconda3/envs/ros39/bin/cmake /home/jiachenli/SaTaMoma-Exp/tiago_client/tiago_client/urdf/tiago_dual_description -DCMAKE_INSTALL_PREFIX=/home/jiachenli/SaTaMoma-Exp/tiago_client/tiago_client/urdf/tiago_dual_description/install/tiago_dual_description
[0.481s] Invoking command in '/home/jiachenli/SaTaMoma-Exp/tiago_client/tiago_client/urdf/tiago_dual_description/build/tiago_dual_description': CONDA_PROMPT_MODIFIER=(ros39) /home/jiachenli/miniconda3/envs/ros39/bin/cmake --build /home/jiachenli/SaTaMoma-Exp/tiago_client/tiago_client/urdf/tiago_dual_description/build/tiago_dual_description -- -j32 -l32
[0.495s] Invoked command in '/home/jiachenli/SaTaMoma-Exp/tiago_client/tiago_client/urdf/tiago_dual_description/build/tiago_dual_description' returned '0': CONDA_PROMPT_MODIFIER=(ros39) /home/jiachenli/miniconda3/envs/ros39/bin/cmake --build /home/jiachenli/SaTaMoma-Exp/tiago_client/tiago_client/urdf/tiago_dual_description/build/tiago_dual_description -- -j32 -l32
[0.499s] Invoking command in '/home/jiachenli/SaTaMoma-Exp/tiago_client/tiago_client/urdf/tiago_dual_description/build/tiago_dual_description': CONDA_PROMPT_MODIFIER=(ros39) /home/jiachenli/miniconda3/envs/ros39/bin/cmake --install /home/jiachenli/SaTaMoma-Exp/tiago_client/tiago_client/urdf/tiago_dual_description/build/tiago_dual_description
[0.502s] -- Install configuration: ""
[0.503s] -- Installing: /home/jiachenli/SaTaMoma-Exp/tiago_client/tiago_client/urdf/tiago_dual_description/install/tiago_dual_description/share/tiago_dual_description/environment/pythonpath.sh
[0.503s] -- Installing: /home/jiachenli/SaTaMoma-Exp/tiago_client/tiago_client/urdf/tiago_dual_description/install/tiago_dual_description/share/tiago_dual_description/environment/pythonpath.dsv
[0.503s] -- Installing: /home/jiachenli/SaTaMoma-Exp/tiago_client/tiago_client/urdf/tiago_dual_description/install/tiago_dual_description/lib/python3.9/site-packages/tiago_dual_description
[0.503s] -- Installing: /home/jiachenli/SaTaMoma-Exp/tiago_client/tiago_client/urdf/tiago_dual_description/install/tiago_dual_description/lib/python3.9/site-packages/tiago_dual_description/launch_arguments.py
[0.503s] -- Installing: /home/jiachenli/SaTaMoma-Exp/tiago_client/tiago_client/urdf/tiago_dual_description/install/tiago_dual_description/lib/python3.9/site-packages/tiago_dual_description/tiago_dual_launch_utils.py
[0.503s] -- Installing: /home/jiachenli/SaTaMoma-Exp/tiago_client/tiago_client/urdf/tiago_dual_description/install/tiago_dual_description/lib/python3.9/site-packages/tiago_dual_description/__init__.py
[0.522s] Listing '/home/jiachenli/SaTaMoma-Exp/tiago_client/tiago_client/urdf/tiago_dual_description/install/tiago_dual_description/lib/python3.9/site-packages/tiago_dual_description'...
[0.522s] Compiling '/home/jiachenli/SaTaMoma-Exp/tiago_client/tiago_client/urdf/tiago_dual_description/install/tiago_dual_description/lib/python3.9/site-packages/tiago_dual_description/__init__.py'...
[0.522s] Compiling '/home/jiachenli/SaTaMoma-Exp/tiago_client/tiago_client/urdf/tiago_dual_description/install/tiago_dual_description/lib/python3.9/site-packages/tiago_dual_description/launch_arguments.py'...
[0.522s] Compiling '/home/jiachenli/SaTaMoma-Exp/tiago_client/tiago_client/urdf/tiago_dual_description/install/tiago_dual_description/lib/python3.9/site-packages/tiago_dual_description/tiago_dual_launch_utils.py'...
[0.525s] -- Installing: /home/jiachenli/SaTaMoma-Exp/tiago_client/tiago_client/urdf/tiago_dual_description/install/tiago_dual_description/share/tiago_dual_description/launch
[0.525s] -- Installing: /home/jiachenli/SaTaMoma-Exp/tiago_client/tiago_client/urdf/tiago_dual_description/install/tiago_dual_description/share/tiago_dual_description/launch/robot_state_publisher.launch.py
[0.525s] -- Installing: /home/jiachenli/SaTaMoma-Exp/tiago_client/tiago_client/urdf/tiago_dual_description/install/tiago_dual_description/share/tiago_dual_description/launch/show.launch.py
[0.525s] -- Installing: /home/jiachenli/SaTaMoma-Exp/tiago_client/tiago_client/urdf/tiago_dual_description/install/tiago_dual_description/share/tiago_dual_description/config
[0.525s] -- Installing: /home/jiachenli/SaTaMoma-Exp/tiago_client/tiago_client/urdf/tiago_dual_description/install/tiago_dual_description/share/tiago_dual_description/config/show.rviz
[0.525s] -- Installing: /home/jiachenli/SaTaMoma-Exp/tiago_client/tiago_client/urdf/tiago_dual_description/install/tiago_dual_description/share/tiago_dual_description/config/tiago_dual_configuration.yaml
[0.525s] -- Installing: /home/jiachenli/SaTaMoma-Exp/tiago_client/tiago_client/urdf/tiago_dual_description/install/tiago_dual_description/share/tiago_dual_description/robots
[0.525s] -- Installing: /home/jiachenli/SaTaMoma-Exp/tiago_client/tiago_client/urdf/tiago_dual_description/install/tiago_dual_description/share/tiago_dual_description/robots/tiago_dual.urdf.xacro
[0.525s] -- Installing: /home/jiachenli/SaTaMoma-Exp/tiago_client/tiago_client/urdf/tiago_dual_description/install/tiago_dual_description/share/tiago_dual_description/meshes
[0.525s] -- Installing: /home/jiachenli/SaTaMoma-Exp/tiago_client/tiago_client/urdf/tiago_dual_description/install/tiago_dual_description/share/tiago_dual_description/meshes/torso
[0.525s] -- Installing: /home/jiachenli/SaTaMoma-Exp/tiago_client/tiago_client/urdf/tiago_dual_description/install/tiago_dual_description/share/tiago_dual_description/meshes/torso/torso_lift_dual_arm.stl
[0.526s] -- Installing: /home/jiachenli/SaTaMoma-Exp/tiago_client/tiago_client/urdf/tiago_dual_description/install/tiago_dual_description/share/tiago_dual_description/meshes/torso/torso_lift_collision_core.stl
[0.526s] -- Installing: /home/jiachenli/SaTaMoma-Exp/tiago_client/tiago_client/urdf/tiago_dual_description/install/tiago_dual_description/share/tiago_dual_description/meshes/torso/torso_lift_dual_arm_with_screen.stl
[0.526s] -- Installing: /home/jiachenli/SaTaMoma-Exp/tiago_client/tiago_client/urdf/tiago_dual_description/install/tiago_dual_description/share/tiago_dual_description/meshes/torso/torso_lift_dual_arm_with_screen.dae
[0.526s] -- Installing: /home/jiachenli/SaTaMoma-Exp/tiago_client/tiago_client/urdf/tiago_dual_description/install/tiago_dual_description/share/tiago_dual_description/meshes/torso/torso_fix.stl
[0.526s] -- Installing: /home/jiachenli/SaTaMoma-Exp/tiago_client/tiago_client/urdf/tiago_dual_description/install/tiago_dual_description/share/tiago_dual_description/urdf
[0.527s] -- Installing: /home/jiachenli/SaTaMoma-Exp/tiago_client/tiago_client/urdf/tiago_dual_description/install/tiago_dual_description/share/tiago_dual_description/urdf/torso
[0.527s] -- Installing: /home/jiachenli/SaTaMoma-Exp/tiago_client/tiago_client/urdf/tiago_dual_description/install/tiago_dual_description/share/tiago_dual_description/urdf/torso/torso_dual.urdf.xacro
[0.527s] -- Installing: /home/jiachenli/SaTaMoma-Exp/tiago_client/tiago_client/urdf/tiago_dual_description/install/tiago_dual_description/share/tiago_dual_description/urdf/calibration
[0.527s] -- Installing: /home/jiachenli/SaTaMoma-Exp/tiago_client/tiago_client/urdf/tiago_dual_description/install/tiago_dual_description/share/tiago_dual_description/urdf/calibration/eye_hand_calibration.urdf.xacro
[0.527s] -- Installing: /home/jiachenli/SaTaMoma-Exp/tiago_client/tiago_client/urdf/tiago_dual_description/install/tiago_dual_description/share/tiago_dual_description/urdf/calibration/eye_hand_calibration.urdf.xacro.j2
[0.527s] -- Installing: /home/jiachenli/SaTaMoma-Exp/tiago_client/tiago_client/urdf/tiago_dual_description/install/tiago_dual_description/share/tiago_dual_description/urdf/calibration/camera_extrinsic_calibration.urdf.xacro
[0.527s] -- Installing: /home/jiachenli/SaTaMoma-Exp/tiago_client/tiago_client/urdf/tiago_dual_description/install/tiago_dual_description/share/tiago_dual_description/urdf/calibration/camera_extrinsic_calibration.urdf.xacro.j2
[0.527s] -- Installing: /home/jiachenli/SaTaMoma-Exp/tiago_client/tiago_client/urdf/tiago_dual_description/install/tiago_dual_description/share/tiago_dual_description/ros2_control
[0.527s] -- Installing: /home/jiachenli/SaTaMoma-Exp/tiago_client/tiago_client/urdf/tiago_dual_description/install/tiago_dual_description/share/tiago_dual_description/ros2_control/ros2_control.urdf.xacro
[0.527s] -- Installing: /home/jiachenli/SaTaMoma-Exp/tiago_client/tiago_client/urdf/tiago_dual_description/install/tiago_dual_description/share/ament_index/resource_index/package_run_dependencies/tiago_dual_description
[0.527s] -- Installing: /home/jiachenli/SaTaMoma-Exp/tiago_client/tiago_client/urdf/tiago_dual_description/install/tiago_dual_description/share/ament_index/resource_index/parent_prefix_path/tiago_dual_description
[0.527s] -- Installing: /home/jiachenli/SaTaMoma-Exp/tiago_client/tiago_client/urdf/tiago_dual_description/install/tiago_dual_description/share/tiago_dual_description/environment/ament_prefix_path.sh
[0.527s] -- Installing: /home/jiachenli/SaTaMoma-Exp/tiago_client/tiago_client/urdf/tiago_dual_description/install/tiago_dual_description/share/tiago_dual_description/environment/ament_prefix_path.dsv
[0.527s] -- Installing: /home/jiachenli/SaTaMoma-Exp/tiago_client/tiago_client/urdf/tiago_dual_description/install/tiago_dual_description/share/tiago_dual_description/environment/path.sh
[0.528s] -- Installing: /home/jiachenli/SaTaMoma-Exp/tiago_client/tiago_client/urdf/tiago_dual_description/install/tiago_dual_description/share/tiago_dual_description/environment/path.dsv
[0.528s] -- Installing: /home/jiachenli/SaTaMoma-Exp/tiago_client/tiago_client/urdf/tiago_dual_description/install/tiago_dual_description/share/tiago_dual_description/local_setup.bash
[0.528s] -- Installing: /home/jiachenli/SaTaMoma-Exp/tiago_client/tiago_client/urdf/tiago_dual_description/install/tiago_dual_description/share/tiago_dual_description/local_setup.sh
[0.528s] -- Installing: /home/jiachenli/SaTaMoma-Exp/tiago_client/tiago_client/urdf/tiago_dual_description/install/tiago_dual_description/share/tiago_dual_description/local_setup.zsh
[0.528s] -- Installing: /home/jiachenli/SaTaMoma-Exp/tiago_client/tiago_client/urdf/tiago_dual_description/install/tiago_dual_description/share/tiago_dual_description/local_setup.dsv
[0.528s] -- Installing: /home/jiachenli/SaTaMoma-Exp/tiago_client/tiago_client/urdf/tiago_dual_description/install/tiago_dual_description/share/tiago_dual_description/package.dsv
[0.528s] -- Installing: /home/jiachenli/SaTaMoma-Exp/tiago_client/tiago_client/urdf/tiago_dual_description/install/tiago_dual_description/share/ament_index/resource_index/packages/tiago_dual_description
[0.528s] -- Installing: /home/jiachenli/SaTaMoma-Exp/tiago_client/tiago_client/urdf/tiago_dual_description/install/tiago_dual_description/share/tiago_dual_description/cmake/tiago_dual_descriptionConfig.cmake
[0.528s] -- Installing: /home/jiachenli/SaTaMoma-Exp/tiago_client/tiago_client/urdf/tiago_dual_description/install/tiago_dual_description/share/tiago_dual_description/cmake/tiago_dual_descriptionConfig-version.cmake
[0.528s] -- Installing: /home/jiachenli/SaTaMoma-Exp/tiago_client/tiago_client/urdf/tiago_dual_description/install/tiago_dual_description/share/tiago_dual_description/package.xml
[0.530s] Invoked command in '/home/jiachenli/SaTaMoma-Exp/tiago_client/tiago_client/urdf/tiago_dual_description/build/tiago_dual_description' returned '0': CONDA_PROMPT_MODIFIER=(ros39) /home/jiachenli/miniconda3/envs/ros39/bin/cmake --install /home/jiachenli/SaTaMoma-Exp/tiago_client/tiago_client/urdf/tiago_dual_description/build/tiago_dual_description
