[0.140s] DEBUG:colcon:Command line arguments: ['/usr/bin/colcon', 'build']
[0.140s] DEBUG:colcon:Parsed command line arguments: Namespace(allow_overriding=[], ament_cmake_args=None, base_paths=['.'], build_base='build', catkin_cmake_args=None, catkin_skip_building_tests=False, cmake_args=None, cmake_clean_cache=False, cmake_clean_first=False, cmake_force_configure=False, cmake_target=None, cmake_target_skip_unavailable=False, continue_on_error=False, event_handlers=None, executor='parallel', ignore_user_meta=False, install_base='install', log_base=None, log_level=None, main=<bound method BuildVerb.main of <colcon_core.verb.build.BuildVerb object at 0x7ff60a7d60d0>>, merge_install=False, metas=['./colcon.meta'], mixin=None, mixin_files=None, mixin_verb=('build',), packages_above=None, packages_above_and_dependencies=None, packages_above_depth=None, packages_end=None, packages_ignore=None, packages_ignore_regex=None, packages_select=None, packages_select_build_failed=False, packages_select_by_dep=None, packages_select_regex=None, packages_select_test_failures=False, packages_skip=None, packages_skip_build_finished=False, packages_skip_by_dep=None, packages_skip_regex=None, packages_skip_test_passed=False, packages_skip_up_to=None, packages_start=None, packages_up_to=None, packages_up_to_regex=None, parallel_workers=32, paths=None, symlink_install=False, test_result_base=None, verb_extension=<colcon_core.verb.build.BuildVerb object at 0x7ff60a7d60d0>, verb_name='build', verb_parser=<colcon_mixin.mixin.mixin_argument.MixinArgumentDecorator object at 0x7ff60a7d6730>)
[0.282s] Level 1:colcon.colcon_core.package_discovery:discover_packages(colcon_meta) check parameters
[0.282s] Level 1:colcon.colcon_core.package_discovery:discover_packages(recursive) check parameters
[0.282s] Level 1:colcon.colcon_core.package_discovery:discover_packages(ignore) check parameters
[0.282s] Level 1:colcon.colcon_core.package_discovery:discover_packages(path) check parameters
[0.282s] Level 1:colcon.colcon_core.package_discovery:discover_packages(colcon_meta) discover
[0.282s] Level 1:colcon.colcon_core.package_discovery:discover_packages(recursive) discover
[0.282s] INFO:colcon.colcon_core.package_discovery:Crawling recursively for packages in '/home/jiachenli/SaTaMoma-Exp/tiago_client/tiago_client/urdf/pal_gripper_description'
[0.282s] Level 1:colcon.colcon_core.package_identification:_identify(.) by extensions ['ignore', 'ignore_ament_install']
[0.282s] Level 1:colcon.colcon_core.package_identification:_identify(.) by extension 'ignore'
[0.282s] Level 1:colcon.colcon_core.package_identification:_identify(.) by extension 'ignore_ament_install'
[0.282s] Level 1:colcon.colcon_core.package_identification:_identify(.) by extensions ['colcon_pkg']
[0.283s] Level 1:colcon.colcon_core.package_identification:_identify(.) by extension 'colcon_pkg'
[0.283s] Level 1:colcon.colcon_core.package_identification:_identify(.) by extensions ['colcon_meta']
[0.283s] Level 1:colcon.colcon_core.package_identification:_identify(.) by extension 'colcon_meta'
[0.283s] Level 1:colcon.colcon_core.package_identification:_identify(.) by extensions ['ros']
[0.283s] Level 1:colcon.colcon_core.package_identification:_identify(.) by extension 'ros'
[0.290s] DEBUG:colcon.colcon_core.package_identification:Package '.' with type 'ros.ament_cmake' and name 'pal_gripper_description'
[0.290s] Level 1:colcon.colcon_core.package_discovery:discover_packages(recursive) using defaults
[0.290s] Level 1:colcon.colcon_core.package_discovery:discover_packages(ignore) discover
[0.290s] Level 1:colcon.colcon_core.package_discovery:discover_packages(ignore) using defaults
[0.290s] Level 1:colcon.colcon_core.package_discovery:discover_packages(path) discover
[0.290s] Level 1:colcon.colcon_core.package_discovery:discover_packages(path) using defaults
[0.301s] Level 1:colcon.colcon_core.package_discovery:discover_packages(prefix_path) check parameters
[0.301s] Level 1:colcon.colcon_core.package_discovery:discover_packages(prefix_path) discover
[0.302s] DEBUG:colcon.colcon_installed_package_information.package_discovery:Found 1 installed packages in /home/jiachenli/SaTaMoma-Exp/tiago_client/tiago_client/urdf/tiago_description/install
[0.302s] DEBUG:colcon.colcon_installed_package_information.package_discovery:Found 1 installed packages in /home/jiachenli/SaTaMoma-Exp/tiago_client/tiago_client/urdf/tiago_dual_description/install
[0.302s] Level 1:colcon.colcon_core.package_discovery:discover_packages(prefix_path) using defaults
[0.303s] Level 5:colcon.colcon_core.verb:set package 'pal_gripper_description' build argument 'cmake_args' from command line to 'None'
[0.303s] Level 5:colcon.colcon_core.verb:set package 'pal_gripper_description' build argument 'cmake_target' from command line to 'None'
[0.303s] Level 5:colcon.colcon_core.verb:set package 'pal_gripper_description' build argument 'cmake_target_skip_unavailable' from command line to 'False'
[0.303s] Level 5:colcon.colcon_core.verb:set package 'pal_gripper_description' build argument 'cmake_clean_cache' from command line to 'False'
[0.303s] Level 5:colcon.colcon_core.verb:set package 'pal_gripper_description' build argument 'cmake_clean_first' from command line to 'False'
[0.303s] Level 5:colcon.colcon_core.verb:set package 'pal_gripper_description' build argument 'cmake_force_configure' from command line to 'False'
[0.303s] Level 5:colcon.colcon_core.verb:set package 'pal_gripper_description' build argument 'ament_cmake_args' from command line to 'None'
[0.303s] Level 5:colcon.colcon_core.verb:set package 'pal_gripper_description' build argument 'catkin_cmake_args' from command line to 'None'
[0.303s] Level 5:colcon.colcon_core.verb:set package 'pal_gripper_description' build argument 'catkin_skip_building_tests' from command line to 'False'
[0.303s] DEBUG:colcon.colcon_core.verb:Building package 'pal_gripper_description' with the following arguments: {'ament_cmake_args': None, 'build_base': '/home/jiachenli/SaTaMoma-Exp/tiago_client/tiago_client/urdf/pal_gripper_description/build/pal_gripper_description', 'catkin_cmake_args': None, 'catkin_skip_building_tests': False, 'cmake_args': None, 'cmake_clean_cache': False, 'cmake_clean_first': False, 'cmake_force_configure': False, 'cmake_target': None, 'cmake_target_skip_unavailable': False, 'install_base': '/home/jiachenli/SaTaMoma-Exp/tiago_client/tiago_client/urdf/pal_gripper_description/install/pal_gripper_description', 'merge_install': False, 'path': '/home/jiachenli/SaTaMoma-Exp/tiago_client/tiago_client/urdf/pal_gripper_description', 'symlink_install': False, 'test_result_base': None}
[0.303s] INFO:colcon.colcon_core.executor:Executing jobs using 'parallel' executor
[0.304s] DEBUG:colcon.colcon_parallel_executor.executor.parallel:run_until_complete
[0.304s] INFO:colcon.colcon_ros.task.ament_cmake.build:Building ROS package in '/home/jiachenli/SaTaMoma-Exp/tiago_client/tiago_client/urdf/pal_gripper_description' with build type 'ament_cmake'
[0.304s] INFO:colcon.colcon_cmake.task.cmake.build:Building CMake package in '/home/jiachenli/SaTaMoma-Exp/tiago_client/tiago_client/urdf/pal_gripper_description'
[0.305s] INFO:colcon.colcon_core.plugin_system:Skipping extension 'colcon_core.shell.bat': Not used on non-Windows systems
[0.305s] INFO:colcon.colcon_core.shell:Skip shell extension 'powershell' for command environment: Not usable outside of PowerShell
[0.305s] DEBUG:colcon.colcon_core.shell:Skip shell extension 'dsv' for command environment
[0.306s] DEBUG:colcon.colcon_core.shell:Ignoring prefix path '/home/jiachenli/miniconda3/envs/ros39'
[0.311s] DEBUG:colcon.colcon_core.event_handler.log_command:Invoking command in '/home/jiachenli/SaTaMoma-Exp/tiago_client/tiago_client/urdf/pal_gripper_description/build/pal_gripper_description': CONDA_PROMPT_MODIFIER=(ros39) /home/jiachenli/miniconda3/envs/ros39/bin/cmake /home/jiachenli/SaTaMoma-Exp/tiago_client/tiago_client/urdf/pal_gripper_description -DCMAKE_INSTALL_PREFIX=/home/jiachenli/SaTaMoma-Exp/tiago_client/tiago_client/urdf/pal_gripper_description/install/pal_gripper_description
[0.691s] DEBUG:colcon.colcon_core.event_handler.log_command:Invoked command in '/home/jiachenli/SaTaMoma-Exp/tiago_client/tiago_client/urdf/pal_gripper_description/build/pal_gripper_description' returned '0': CONDA_PROMPT_MODIFIER=(ros39) /home/jiachenli/miniconda3/envs/ros39/bin/cmake /home/jiachenli/SaTaMoma-Exp/tiago_client/tiago_client/urdf/pal_gripper_description -DCMAKE_INSTALL_PREFIX=/home/jiachenli/SaTaMoma-Exp/tiago_client/tiago_client/urdf/pal_gripper_description/install/pal_gripper_description
[0.693s] DEBUG:colcon.colcon_core.event_handler.log_command:Invoking command in '/home/jiachenli/SaTaMoma-Exp/tiago_client/tiago_client/urdf/pal_gripper_description/build/pal_gripper_description': CONDA_PROMPT_MODIFIER=(ros39) /home/jiachenli/miniconda3/envs/ros39/bin/cmake --build /home/jiachenli/SaTaMoma-Exp/tiago_client/tiago_client/urdf/pal_gripper_description/build/pal_gripper_description -- -j32 -l32
[0.711s] DEBUG:colcon.colcon_core.event_handler.log_command:Invoked command in '/home/jiachenli/SaTaMoma-Exp/tiago_client/tiago_client/urdf/pal_gripper_description/build/pal_gripper_description' returned '0': CONDA_PROMPT_MODIFIER=(ros39) /home/jiachenli/miniconda3/envs/ros39/bin/cmake --build /home/jiachenli/SaTaMoma-Exp/tiago_client/tiago_client/urdf/pal_gripper_description/build/pal_gripper_description -- -j32 -l32
[0.716s] DEBUG:colcon.colcon_core.event_handler.log_command:Invoking command in '/home/jiachenli/SaTaMoma-Exp/tiago_client/tiago_client/urdf/pal_gripper_description/build/pal_gripper_description': CONDA_PROMPT_MODIFIER=(ros39) /home/jiachenli/miniconda3/envs/ros39/bin/cmake --install /home/jiachenli/SaTaMoma-Exp/tiago_client/tiago_client/urdf/pal_gripper_description/build/pal_gripper_description
[0.720s] Level 1:colcon.colcon_core.environment:create_environment_scripts_only(pal_gripper_description)
[0.720s] DEBUG:colcon.colcon_core.event_handler.log_command:Invoked command in '/home/jiachenli/SaTaMoma-Exp/tiago_client/tiago_client/urdf/pal_gripper_description/build/pal_gripper_description' returned '0': CONDA_PROMPT_MODIFIER=(ros39) /home/jiachenli/miniconda3/envs/ros39/bin/cmake --install /home/jiachenli/SaTaMoma-Exp/tiago_client/tiago_client/urdf/pal_gripper_description/build/pal_gripper_description
[0.721s] Level 1:colcon.colcon_core.environment:checking '/home/jiachenli/SaTaMoma-Exp/tiago_client/tiago_client/urdf/pal_gripper_description/install/pal_gripper_description' for CMake module files
[0.722s] Level 1:colcon.colcon_core.environment:checking '/home/jiachenli/SaTaMoma-Exp/tiago_client/tiago_client/urdf/pal_gripper_description/install/pal_gripper_description' for CMake config files
[0.722s] Level 1:colcon.colcon_core.shell:create_environment_hook('pal_gripper_description', 'cmake_prefix_path')
[0.722s] INFO:colcon.colcon_core.shell:Creating environment hook '/home/jiachenli/SaTaMoma-Exp/tiago_client/tiago_client/urdf/pal_gripper_description/install/pal_gripper_description/share/pal_gripper_description/hook/cmake_prefix_path.ps1'
[0.722s] INFO:colcon.colcon_core.shell:Creating environment descriptor '/home/jiachenli/SaTaMoma-Exp/tiago_client/tiago_client/urdf/pal_gripper_description/install/pal_gripper_description/share/pal_gripper_description/hook/cmake_prefix_path.dsv'
[0.722s] INFO:colcon.colcon_core.shell:Creating environment hook '/home/jiachenli/SaTaMoma-Exp/tiago_client/tiago_client/urdf/pal_gripper_description/install/pal_gripper_description/share/pal_gripper_description/hook/cmake_prefix_path.sh'
[0.723s] Level 1:colcon.colcon_core.environment:checking '/home/jiachenli/SaTaMoma-Exp/tiago_client/tiago_client/urdf/pal_gripper_description/install/pal_gripper_description/bin'
[0.723s] Level 1:colcon.colcon_core.environment:checking '/home/jiachenli/SaTaMoma-Exp/tiago_client/tiago_client/urdf/pal_gripper_description/install/pal_gripper_description/lib/pkgconfig/pal_gripper_description.pc'
[0.724s] Level 1:colcon.colcon_core.environment:checking '/home/jiachenli/SaTaMoma-Exp/tiago_client/tiago_client/urdf/pal_gripper_description/install/pal_gripper_description/lib/python3.8/site-packages'
[0.724s] Level 1:colcon.colcon_core.environment:checking '/home/jiachenli/SaTaMoma-Exp/tiago_client/tiago_client/urdf/pal_gripper_description/install/pal_gripper_description/bin'
[0.724s] INFO:colcon.colcon_core.shell:Creating package script '/home/jiachenli/SaTaMoma-Exp/tiago_client/tiago_client/urdf/pal_gripper_description/install/pal_gripper_description/share/pal_gripper_description/package.ps1'
[0.725s] INFO:colcon.colcon_core.shell:Creating package descriptor '/home/jiachenli/SaTaMoma-Exp/tiago_client/tiago_client/urdf/pal_gripper_description/install/pal_gripper_description/share/pal_gripper_description/package.dsv'
[0.725s] INFO:colcon.colcon_core.shell:Creating package script '/home/jiachenli/SaTaMoma-Exp/tiago_client/tiago_client/urdf/pal_gripper_description/install/pal_gripper_description/share/pal_gripper_description/package.sh'
[0.725s] INFO:colcon.colcon_core.shell:Creating package script '/home/jiachenli/SaTaMoma-Exp/tiago_client/tiago_client/urdf/pal_gripper_description/install/pal_gripper_description/share/pal_gripper_description/package.bash'
[0.726s] INFO:colcon.colcon_core.shell:Creating package script '/home/jiachenli/SaTaMoma-Exp/tiago_client/tiago_client/urdf/pal_gripper_description/install/pal_gripper_description/share/pal_gripper_description/package.zsh'
[0.726s] Level 1:colcon.colcon_core.environment:create_file_with_runtime_dependencies(/home/jiachenli/SaTaMoma-Exp/tiago_client/tiago_client/urdf/pal_gripper_description/install/pal_gripper_description/share/colcon-core/packages/pal_gripper_description)
[0.726s] Level 1:colcon.colcon_core.environment:create_environment_scripts_only(pal_gripper_description)
[0.726s] Level 1:colcon.colcon_core.environment:checking '/home/jiachenli/SaTaMoma-Exp/tiago_client/tiago_client/urdf/pal_gripper_description/install/pal_gripper_description' for CMake module files
[0.726s] Level 1:colcon.colcon_core.environment:checking '/home/jiachenli/SaTaMoma-Exp/tiago_client/tiago_client/urdf/pal_gripper_description/install/pal_gripper_description' for CMake config files
[0.727s] Level 1:colcon.colcon_core.shell:create_environment_hook('pal_gripper_description', 'cmake_prefix_path')
[0.727s] INFO:colcon.colcon_core.shell:Creating environment hook '/home/jiachenli/SaTaMoma-Exp/tiago_client/tiago_client/urdf/pal_gripper_description/install/pal_gripper_description/share/pal_gripper_description/hook/cmake_prefix_path.ps1'
[0.727s] INFO:colcon.colcon_core.shell:Creating environment descriptor '/home/jiachenli/SaTaMoma-Exp/tiago_client/tiago_client/urdf/pal_gripper_description/install/pal_gripper_description/share/pal_gripper_description/hook/cmake_prefix_path.dsv'
[0.727s] INFO:colcon.colcon_core.shell:Creating environment hook '/home/jiachenli/SaTaMoma-Exp/tiago_client/tiago_client/urdf/pal_gripper_description/install/pal_gripper_description/share/pal_gripper_description/hook/cmake_prefix_path.sh'
[0.727s] Level 1:colcon.colcon_core.environment:checking '/home/jiachenli/SaTaMoma-Exp/tiago_client/tiago_client/urdf/pal_gripper_description/install/pal_gripper_description/bin'
[0.727s] Level 1:colcon.colcon_core.environment:checking '/home/jiachenli/SaTaMoma-Exp/tiago_client/tiago_client/urdf/pal_gripper_description/install/pal_gripper_description/lib/pkgconfig/pal_gripper_description.pc'
[0.727s] Level 1:colcon.colcon_core.environment:checking '/home/jiachenli/SaTaMoma-Exp/tiago_client/tiago_client/urdf/pal_gripper_description/install/pal_gripper_description/lib/python3.8/site-packages'
[0.727s] Level 1:colcon.colcon_core.environment:checking '/home/jiachenli/SaTaMoma-Exp/tiago_client/tiago_client/urdf/pal_gripper_description/install/pal_gripper_description/bin'
[0.728s] INFO:colcon.colcon_core.shell:Creating package script '/home/jiachenli/SaTaMoma-Exp/tiago_client/tiago_client/urdf/pal_gripper_description/install/pal_gripper_description/share/pal_gripper_description/package.ps1'
[0.728s] INFO:colcon.colcon_core.shell:Creating package descriptor '/home/jiachenli/SaTaMoma-Exp/tiago_client/tiago_client/urdf/pal_gripper_description/install/pal_gripper_description/share/pal_gripper_description/package.dsv'
[0.728s] INFO:colcon.colcon_core.shell:Creating package script '/home/jiachenli/SaTaMoma-Exp/tiago_client/tiago_client/urdf/pal_gripper_description/install/pal_gripper_description/share/pal_gripper_description/package.sh'
[0.728s] INFO:colcon.colcon_core.shell:Creating package script '/home/jiachenli/SaTaMoma-Exp/tiago_client/tiago_client/urdf/pal_gripper_description/install/pal_gripper_description/share/pal_gripper_description/package.bash'
[0.728s] INFO:colcon.colcon_core.shell:Creating package script '/home/jiachenli/SaTaMoma-Exp/tiago_client/tiago_client/urdf/pal_gripper_description/install/pal_gripper_description/share/pal_gripper_description/package.zsh'
[0.728s] Level 1:colcon.colcon_core.environment:create_file_with_runtime_dependencies(/home/jiachenli/SaTaMoma-Exp/tiago_client/tiago_client/urdf/pal_gripper_description/install/pal_gripper_description/share/colcon-core/packages/pal_gripper_description)
[0.729s] DEBUG:colcon.colcon_parallel_executor.executor.parallel:closing loop
[0.729s] DEBUG:colcon.colcon_parallel_executor.executor.parallel:loop closed
[0.729s] DEBUG:colcon.colcon_parallel_executor.executor.parallel:run_until_complete finished with '0'
[0.729s] DEBUG:colcon.colcon_core.event_reactor:joining thread
[0.731s] INFO:colcon.colcon_core.plugin_system:Skipping extension 'colcon_notification.desktop_notification.terminal_notifier': Not used on non-Darwin systems
[0.732s] INFO:colcon.colcon_core.plugin_system:Skipping extension 'colcon_notification.desktop_notification.win32': Not used on non-Windows systems
[0.732s] INFO:colcon.colcon_notification.desktop_notification:Sending desktop notification using 'notify2'
[0.739s] DEBUG:colcon.colcon_core.event_reactor:joined thread
[0.739s] INFO:colcon.colcon_core.shell:Creating prefix script '/home/jiachenli/SaTaMoma-Exp/tiago_client/tiago_client/urdf/pal_gripper_description/install/local_setup.ps1'
[0.739s] INFO:colcon.colcon_core.shell:Creating prefix util module '/home/jiachenli/SaTaMoma-Exp/tiago_client/tiago_client/urdf/pal_gripper_description/install/_local_setup_util_ps1.py'
[0.740s] INFO:colcon.colcon_core.shell:Creating prefix chain script '/home/jiachenli/SaTaMoma-Exp/tiago_client/tiago_client/urdf/pal_gripper_description/install/setup.ps1'
[0.741s] INFO:colcon.colcon_core.shell:Creating prefix script '/home/jiachenli/SaTaMoma-Exp/tiago_client/tiago_client/urdf/pal_gripper_description/install/local_setup.sh'
[0.741s] INFO:colcon.colcon_core.shell:Creating prefix util module '/home/jiachenli/SaTaMoma-Exp/tiago_client/tiago_client/urdf/pal_gripper_description/install/_local_setup_util_sh.py'
[0.742s] INFO:colcon.colcon_core.shell:Creating prefix chain script '/home/jiachenli/SaTaMoma-Exp/tiago_client/tiago_client/urdf/pal_gripper_description/install/setup.sh'
[0.742s] INFO:colcon.colcon_core.shell:Creating prefix script '/home/jiachenli/SaTaMoma-Exp/tiago_client/tiago_client/urdf/pal_gripper_description/install/local_setup.bash'
[0.742s] INFO:colcon.colcon_core.shell:Creating prefix chain script '/home/jiachenli/SaTaMoma-Exp/tiago_client/tiago_client/urdf/pal_gripper_description/install/setup.bash'
[0.743s] INFO:colcon.colcon_core.shell:Creating prefix script '/home/jiachenli/SaTaMoma-Exp/tiago_client/tiago_client/urdf/pal_gripper_description/install/local_setup.zsh'
[0.743s] INFO:colcon.colcon_core.shell:Creating prefix chain script '/home/jiachenli/SaTaMoma-Exp/tiago_client/tiago_client/urdf/pal_gripper_description/install/setup.zsh'
