[0.006s] Invoking command in '/home/jiachenli/SaTaMoma-Exp/tiago_client/tiago_client/urdf/pal_gripper_description/build/pal_gripper_description': CONDA_PROMPT_MODIFIER=(ros39) /home/jiachenli/miniconda3/envs/ros39/bin/cmake /home/jiachenli/SaTaMoma-Exp/tiago_client/tiago_client/urdf/pal_gripper_description -DCMAKE_INSTALL_PREFIX=/home/jiachenli/SaTaMoma-Exp/tiago_client/tiago_client/urdf/pal_gripper_description/install/pal_gripper_description
[0.033s] -- The C compiler identification is GNU 11.2.0
[0.071s] -- The CXX compiler identification is GNU 11.2.0
[0.075s] -- Detecting C compiler ABI info
[0.109s] -- Detecting C compiler ABI info - done
[0.116s] -- Check for working C compiler: /home/jiachenli/miniconda3/envs/ros39/bin/x86_64-conda-linux-gnu-cc - skipped
[0.116s] -- Detecting C compile features
[0.116s] -- Detecting C compile features - done
[0.118s] -- Detecting CXX compiler ABI info
[0.156s] -- Detecting CXX compiler ABI info - done
[0.161s] -- Check for working CXX compiler: /home/jiachenli/miniconda3/envs/ros39/bin/x86_64-conda-linux-gnu-c++ - skipped
[0.161s] -- Detecting CXX compile features
[0.162s] -- Detecting CXX compile features - done
[0.164s] -- Found ament_cmake_auto: 0.9.12 (/opt/ros/foxy/share/ament_cmake_auto/cmake)
[0.178s] -- Found PythonInterp: /home/jiachenli/miniconda3/envs/ros39/bin/python3 (found suitable version "3.9.15", minimum required is "3") 
[0.178s] -- Using PYTHON_EXECUTABLE: /home/jiachenli/miniconda3/envs/ros39/bin/python3
[0.230s] /opt/ros/foxy/lib/python3.8/site-packages/ament_package/__init__.py:19: UserWarning: pkg_resources is deprecated as an API. See https://setuptools.pypa.io/en/latest/pkg_resources.html. The pkg_resources package is slated for removal as early as 2025-11-30. Refrain from using this package or pin to Setuptools<81.
[0.230s]   import pkg_resources
[0.350s] -- Found ament_lint_auto: 0.9.8 (/opt/ros/foxy/share/ament_lint_auto/cmake)
[0.371s] -- Added test 'copyright' to check source files copyright and LICENSE
[0.373s] -- Added test 'cppcheck' to perform static code analysis on C / C++ code
[0.374s] -- Configured cppcheck include dirs: 
[0.374s] -- Configured cppcheck exclude dirs and/or files: 
[0.376s] -- Added test 'cpplint' to check C / C++ code against the Google style
[0.376s] -- Configured cpplint exclude dirs and/or files: 
[0.377s] -- Added test 'lint_cmake' to check CMake code style
[0.379s] -- Added test 'uncrustify' to check C / C++ code style
[0.379s] -- Configured uncrustify additional arguments: 
[0.380s] -- Added test 'xmllint' to check XML markup files
[0.382s] -- Configuring done
[0.384s] -- Generating done
[0.385s] -- Build files have been written to: /home/jiachenli/SaTaMoma-Exp/tiago_client/tiago_client/urdf/pal_gripper_description/build/pal_gripper_description
[0.387s] Invoked command in '/home/jiachenli/SaTaMoma-Exp/tiago_client/tiago_client/urdf/pal_gripper_description/build/pal_gripper_description' returned '0': CONDA_PROMPT_MODIFIER=(ros39) /home/jiachenli/miniconda3/envs/ros39/bin/cmake /home/jiachenli/SaTaMoma-Exp/tiago_client/tiago_client/urdf/pal_gripper_description -DCMAKE_INSTALL_PREFIX=/home/jiachenli/SaTaMoma-Exp/tiago_client/tiago_client/urdf/pal_gripper_description/install/pal_gripper_description
[0.389s] Invoking command in '/home/jiachenli/SaTaMoma-Exp/tiago_client/tiago_client/urdf/pal_gripper_description/build/pal_gripper_description': CONDA_PROMPT_MODIFIER=(ros39) /home/jiachenli/miniconda3/envs/ros39/bin/cmake --build /home/jiachenli/SaTaMoma-Exp/tiago_client/tiago_client/urdf/pal_gripper_description/build/pal_gripper_description -- -j32 -l32
[0.403s] Built target pal_gripper_description_xacro_generated_to_devel_space_
[0.407s] Invoked command in '/home/jiachenli/SaTaMoma-Exp/tiago_client/tiago_client/urdf/pal_gripper_description/build/pal_gripper_description' returned '0': CONDA_PROMPT_MODIFIER=(ros39) /home/jiachenli/miniconda3/envs/ros39/bin/cmake --build /home/jiachenli/SaTaMoma-Exp/tiago_client/tiago_client/urdf/pal_gripper_description/build/pal_gripper_description -- -j32 -l32
[0.412s] Invoking command in '/home/jiachenli/SaTaMoma-Exp/tiago_client/tiago_client/urdf/pal_gripper_description/build/pal_gripper_description': CONDA_PROMPT_MODIFIER=(ros39) /home/jiachenli/miniconda3/envs/ros39/bin/cmake --install /home/jiachenli/SaTaMoma-Exp/tiago_client/tiago_client/urdf/pal_gripper_description/build/pal_gripper_description
[0.414s] -- Install configuration: ""
[0.414s] -- Installing: /home/jiachenli/SaTaMoma-Exp/tiago_client/tiago_client/urdf/pal_gripper_description/install/pal_gripper_description/share/pal_gripper_description/gazebo
[0.414s] -- Installing: /home/jiachenli/SaTaMoma-Exp/tiago_client/tiago_client/urdf/pal_gripper_description/install/pal_gripper_description/share/pal_gripper_description/gazebo/gazebo.urdf.xacro
[0.414s] -- Installing: /home/jiachenli/SaTaMoma-Exp/tiago_client/tiago_client/urdf/pal_gripper_description/install/pal_gripper_description/share/pal_gripper_description/meshes
[0.414s] -- Installing: /home/jiachenli/SaTaMoma-Exp/tiago_client/tiago_client/urdf/pal_gripper_description/install/pal_gripper_description/share/pal_gripper_description/meshes/gripper_link.stl
[0.414s] -- Installing: /home/jiachenli/SaTaMoma-Exp/tiago_client/tiago_client/urdf/pal_gripper_description/install/pal_gripper_description/share/pal_gripper_description/meshes/gripper_finger_link.stl
[0.414s] -- Installing: /home/jiachenli/SaTaMoma-Exp/tiago_client/tiago_client/urdf/pal_gripper_description/install/pal_gripper_description/share/pal_gripper_description/meshes/gripper_link_collision.stl
[0.414s] -- Installing: /home/jiachenli/SaTaMoma-Exp/tiago_client/tiago_client/urdf/pal_gripper_description/install/pal_gripper_description/share/pal_gripper_description/meshes/gripper_finger_link_collision.stl
[0.414s] -- Installing: /home/jiachenli/SaTaMoma-Exp/tiago_client/tiago_client/urdf/pal_gripper_description/install/pal_gripper_description/share/pal_gripper_description/robots
[0.415s] -- Installing: /home/jiachenli/SaTaMoma-Exp/tiago_client/tiago_client/urdf/pal_gripper_description/install/pal_gripper_description/share/pal_gripper_description/robots/upload_gripper.launch
[0.415s] -- Installing: /home/jiachenli/SaTaMoma-Exp/tiago_client/tiago_client/urdf/pal_gripper_description/install/pal_gripper_description/share/pal_gripper_description/robots/upload.launch
[0.415s] -- Installing: /home/jiachenli/SaTaMoma-Exp/tiago_client/tiago_client/urdf/pal_gripper_description/install/pal_gripper_description/share/pal_gripper_description/robots/gripper_test.urdf.xacro
[0.415s] -- Installing: /home/jiachenli/SaTaMoma-Exp/tiago_client/tiago_client/urdf/pal_gripper_description/install/pal_gripper_description/share/pal_gripper_description/urdf
[0.415s] -- Installing: /home/jiachenli/SaTaMoma-Exp/tiago_client/tiago_client/urdf/pal_gripper_description/install/pal_gripper_description/share/pal_gripper_description/urdf/gripper.urdf.xacro
[0.415s] -- Installing: /home/jiachenli/SaTaMoma-Exp/tiago_client/tiago_client/urdf/pal_gripper_description/install/pal_gripper_description/share/pal_gripper_description/urdf/gripper.transmission.xacro
[0.415s] -- Installing: /home/jiachenli/SaTaMoma-Exp/tiago_client/tiago_client/urdf/pal_gripper_description/install/pal_gripper_description/share/pal_gripper_description/urdf/gripper.ros2_control.xacro
[0.415s] -- Installing: /home/jiachenli/SaTaMoma-Exp/tiago_client/tiago_client/urdf/pal_gripper_description/install/pal_gripper_description/share/pal_gripper_description/urdf/gripper.gazebo.xacro
[0.415s] -- Installing: /home/jiachenli/SaTaMoma-Exp/tiago_client/tiago_client/urdf/pal_gripper_description/install/pal_gripper_description/share/pal_gripper_description/ros2_control
[0.415s] -- Installing: /home/jiachenli/SaTaMoma-Exp/tiago_client/tiago_client/urdf/pal_gripper_description/install/pal_gripper_description/share/pal_gripper_description/ros2_control/ros2_control.urdf.xacro
[0.415s] -- Installing: /home/jiachenli/SaTaMoma-Exp/tiago_client/tiago_client/urdf/pal_gripper_description/install/pal_gripper_description/share/ament_index/resource_index/package_run_dependencies/pal_gripper_description
[0.415s] -- Installing: /home/jiachenli/SaTaMoma-Exp/tiago_client/tiago_client/urdf/pal_gripper_description/install/pal_gripper_description/share/ament_index/resource_index/parent_prefix_path/pal_gripper_description
[0.415s] -- Installing: /home/jiachenli/SaTaMoma-Exp/tiago_client/tiago_client/urdf/pal_gripper_description/install/pal_gripper_description/share/pal_gripper_description/environment/ament_prefix_path.sh
[0.415s] -- Installing: /home/jiachenli/SaTaMoma-Exp/tiago_client/tiago_client/urdf/pal_gripper_description/install/pal_gripper_description/share/pal_gripper_description/environment/ament_prefix_path.dsv
[0.415s] -- Installing: /home/jiachenli/SaTaMoma-Exp/tiago_client/tiago_client/urdf/pal_gripper_description/install/pal_gripper_description/share/pal_gripper_description/environment/path.sh
[0.415s] -- Installing: /home/jiachenli/SaTaMoma-Exp/tiago_client/tiago_client/urdf/pal_gripper_description/install/pal_gripper_description/share/pal_gripper_description/environment/path.dsv
[0.415s] -- Installing: /home/jiachenli/SaTaMoma-Exp/tiago_client/tiago_client/urdf/pal_gripper_description/install/pal_gripper_description/share/pal_gripper_description/local_setup.bash
[0.415s] -- Installing: /home/jiachenli/SaTaMoma-Exp/tiago_client/tiago_client/urdf/pal_gripper_description/install/pal_gripper_description/share/pal_gripper_description/local_setup.sh
[0.415s] -- Installing: /home/jiachenli/SaTaMoma-Exp/tiago_client/tiago_client/urdf/pal_gripper_description/install/pal_gripper_description/share/pal_gripper_description/local_setup.zsh
[0.415s] -- Installing: /home/jiachenli/SaTaMoma-Exp/tiago_client/tiago_client/urdf/pal_gripper_description/install/pal_gripper_description/share/pal_gripper_description/local_setup.dsv
[0.415s] -- Installing: /home/jiachenli/SaTaMoma-Exp/tiago_client/tiago_client/urdf/pal_gripper_description/install/pal_gripper_description/share/pal_gripper_description/package.dsv
[0.415s] -- Installing: /home/jiachenli/SaTaMoma-Exp/tiago_client/tiago_client/urdf/pal_gripper_description/install/pal_gripper_description/share/ament_index/resource_index/packages/pal_gripper_description
[0.415s] -- Installing: /home/jiachenli/SaTaMoma-Exp/tiago_client/tiago_client/urdf/pal_gripper_description/install/pal_gripper_description/share/pal_gripper_description/cmake/ament_cmake_export_dependencies-extras.cmake
[0.415s] -- Installing: /home/jiachenli/SaTaMoma-Exp/tiago_client/tiago_client/urdf/pal_gripper_description/install/pal_gripper_description/share/pal_gripper_description/cmake/pal_gripper_descriptionConfig.cmake
[0.416s] -- Installing: /home/jiachenli/SaTaMoma-Exp/tiago_client/tiago_client/urdf/pal_gripper_description/install/pal_gripper_description/share/pal_gripper_description/cmake/pal_gripper_descriptionConfig-version.cmake
[0.416s] -- Installing: /home/jiachenli/SaTaMoma-Exp/tiago_client/tiago_client/urdf/pal_gripper_description/install/pal_gripper_description/share/pal_gripper_description/package.xml
[0.416s] Invoked command in '/home/jiachenli/SaTaMoma-Exp/tiago_client/tiago_client/urdf/pal_gripper_description/build/pal_gripper_description' returned '0': CONDA_PROMPT_MODIFIER=(ros39) /home/jiachenli/miniconda3/envs/ros39/bin/cmake --install /home/jiachenli/SaTaMoma-Exp/tiago_client/tiago_client/urdf/pal_gripper_description/build/pal_gripper_description
